[backblue.gif]
[fade.gif]
[index.html]
[cdnjs.cloudflare.com/ajax/libs/select2/3.5.2/select2.min.css]
[ajax.googleapis.com/ajax/libs/jquery/1.11.2/jquery.min.js]
[d335luupugsy2.cloudfront.net/js/jquery.validate/1.9/jquery.validate.min.js]
[cdnjs.cloudflare.com/ajax/libs/select2/3.5.2/select2.min.js]
[d335luupugsy2.cloudfront.net/js/lead-tracking/stable/plugins/jquery.cookie.v1.4.1.min.js]
[d335luupugsy2.cloudfront.net/js/lead-tracking/stable/plugins/math.uuid.v1.4.min.js]
[d335luupugsy2.cloudfront.net/js/rd/stable/rdlps.min0a99.js]
[d335luupugsy2.cloudfront.net/js/rd/stable/rdlps-progressive-profiling.min0a99.js]
[d335luupugsy2.cloudfront.net/js/rd/stable/rdlps-autofill.min0a99.js]
[cdn.jsdelivr.net/npm/bootstrap@5.0.2/dist/css/bootstrap.min.css]
[cdn.jsdelivr.net/npm/bootstrap@5.0.2/dist/js/bootstrap.bundle.min.js]
[snap.licdn.com/li.lms-analytics/insight.min.js]
[d335luupugsy2.cloudfront.net/js/loader-scripts/9af75f73-f20f-4c59-98f8-f1f9f1f625e0-loader.js]
[www.google-analytics.com/analytics.js]
[materiais.ao4.com.br/fee140a.html]
[materiais.ao4.com.br/fee.html]
[connect.facebook.net/en_US/fbevents.js]
[cdnjs.cloudflare.com/ajax/libs/select2/3.5.2/select2.png]
[cdnjs.cloudflare.com/ajax/libs/select2/3.5.2/select2-spinner.gif]
[cdnjs.cloudflare.com/ajax/libs/select2/3.5.2/select2.min.css]
[d335luupugsy2.cloudfront.net/js/jquery.validate/1.9/jquery.validate.min.js]
[cdnjs.cloudflare.com/ajax/libs/select2/3.5.2/select2x2.png]
[cdn.jsdelivr.net/npm/bootstrap@5.0.2/dist/css/bootstrap.min.css]
[connect.facebook.net/en_US/fbevents.js]
[materiais.ao4.com.br/a]
[materiais.ao4.com.br/POST]
[materiais.ao4.com.br/schema.org/index.html]
[materiais.ao4.com.br/index.html]
[materiais.ao4.com.br/b.resolvedLink]
[materiais.ao4.com.br/signals/iwl.js]
